[2025-04-08 14:12:36,734] multiqc                                            [DEBUG  ]  No MultiQC config found: /sc/arion/work/arayan01/test-env/envs/chipseq/lib/python2.7/site-packages/multiqc-1.0.dev0-py2.7.egg/multiqc_config.yaml
[2025-04-08 14:12:36,734] multiqc                                            [DEBUG  ]  No MultiQC config found: /hpc/users/arayan01/.multiqc_config.yaml
[2025-04-08 14:12:36,735] multiqc                                            [DEBUG  ]  No MultiQC config found: multiqc_config.yaml
[2025-04-08 14:12:36,735] multiqc                                            [DEBUG  ]  Command used: /sc/arion/work/arayan01/test-env/envs/chipseq/bin/multiqc .
[2025-04-08 14:12:36,735] multiqc                                            [DEBUG  ]  Could not connect to multiqc.info for version check
[2025-04-08 14:12:36,735] multiqc                                            [INFO   ]  This is MultiQC v1.0.dev0
[2025-04-08 14:12:36,735] multiqc                                            [DEBUG  ]  Command     : /sc/arion/work/arayan01/test-env/envs/chipseq/bin/multiqc .
[2025-04-08 14:12:36,735] multiqc                                            [DEBUG  ]  Working dir : /sc/arion/work/arayan01/project/personalized_epigenome/results/2025-04-07_chipsseqhg38/qc/init_fastqc
[2025-04-08 14:12:36,735] multiqc                                            [INFO   ]  Template    : default
[2025-04-08 14:12:36,735] multiqc                                            [INFO   ]  Searching '.'
[2025-04-08 14:12:36,736] multiqc                                            [DEBUG  ]  Analysing modules: custom_content, peddy, methylQA, qualimap, preseq, quast, rseqc, busco, goleft_indexcov, snpeff, gatk, htseq, bcftools, featureCounts, picard, prokka, samblaster, samtools, bamtools, bismark, hicup, salmon, kallisto, slamdunk, star, tophat, bowtie2, bowtie1, cutadapt, trimmomatic, skewer, fastq_screen, fastqc, clusterflow
[2025-04-08 14:12:36,736] multiqc                                            [DEBUG  ]  Using temporary directory for creating report: /tmp/tmp9AUfbz
[2025-04-08 14:12:40,334] multiqc.modules.custom_content.custom_content      [DEBUG  ]  No custom content found
[2025-04-08 14:12:40,360] multiqc.modules.peddy.peddy                        [DEBUG  ]  Could not find any reports in ('.',)
[2025-04-08 14:12:40,389] multiqc.modules.methylQA.methylQA                  [DEBUG  ]  Could not find any reports in ('.',)
[2025-04-08 14:12:40,436] multiqc.modules.qualimap.QM_BamQC                  [DEBUG  ]  Using default Qualimap thresholds: 1, 5, 10, 30, 50
[2025-04-08 14:12:40,443] multiqc.modules.qualimap.qualimap                  [DEBUG  ]  Could not find any reports in ('.',)
[2025-04-08 14:12:40,573] multiqc.modules.preseq.preseq                      [DEBUG  ]  Could not find any preseq data in ('.',)
[2025-04-08 14:12:40,599] multiqc.modules.quast.quast                        [DEBUG  ]  Could not find any reports in ('.',)
[2025-04-08 14:12:40,742] multiqc.modules.rseqc.rseqc                        [DEBUG  ]  Could not find any reports in ('.',)
[2025-04-08 14:12:40,767] multiqc.modules.busco.busco                        [DEBUG  ]  Could not find any reports in ('.',)
[2025-04-08 14:12:40,790] multiqc.modules.goleft_indexcov.goleft_indexcov    [DEBUG  ]  Did not find goleft indexcov outputs in ('.',)
[2025-04-08 14:12:40,852] multiqc.modules.snpeff.snpeff                      [DEBUG  ]  Could not find any data in ('.',)
[2025-04-08 14:12:40,911] multiqc.modules.gatk.gatk                          [DEBUG  ]  Could not find any reports in ('.',)
[2025-04-08 14:12:40,968] multiqc.modules.htseq.htseq                        [DEBUG  ]  Could not find any reports in ('.',)
[2025-04-08 14:12:41,031] multiqc.modules.bcftools.bcftools                  [DEBUG  ]  Could not find any reports in ('.',)
[2025-04-08 14:12:41,045] multiqc.modules.featureCounts.feature_counts       [DEBUG  ]  Could not find any reports in ('.',)
[2025-04-08 14:12:41,351] multiqc.modules.picard.picard                      [DEBUG  ]  Could not find any reports in ('.',)
[2025-04-08 14:12:41,392] multiqc.modules.prokka.prokka                      [DEBUG  ]  Could not find any Prokka data in ('.',)
[2025-04-08 14:12:41,450] multiqc.modules.samblaster.samblaster              [DEBUG  ]  Could not find any data in ('.',)
[2025-04-08 14:12:41,570] multiqc.modules.samtools.samtools                  [DEBUG  ]  Could not find any reports in ('.',)
[2025-04-08 14:12:41,620] multiqc.modules.bamtools.bamtools                  [DEBUG  ]  Could not find any reports in ('.',)
[2025-04-08 14:12:41,682] multiqc.modules.bismark.bismark                    [DEBUG  ]  Could not find any reports in ('.',)
[2025-04-08 14:12:41,709] multiqc.modules.hicup.hicup                        [DEBUG  ]  Could not find any HiCUP data in ('.',)
[2025-04-08 14:12:41,720] multiqc.modules.salmon.salmon                      [DEBUG  ]  Could not find any Salmon data in ('.',)
[2025-04-08 14:12:41,775] multiqc.modules.kallisto.kallisto                  [DEBUG  ]  Could not find any reports in ('.',)
[2025-04-08 14:12:41,833] multiqc.modules.slamdunk.slamdunk                  [DEBUG  ]  No slamdunk reports found.
[2025-04-08 14:12:41,850] multiqc.modules.star.star                          [DEBUG  ]  Could not find any reports in ('.',)
[2025-04-08 14:12:41,898] multiqc.modules.tophat.tophat                      [DEBUG  ]  Could not find any reports in ('.',)
[2025-04-08 14:12:41,945] multiqc.modules.bowtie2.bowtie2                    [DEBUG  ]  Could not find any reports in ('.',)
[2025-04-08 14:12:42,000] multiqc.modules.bowtie1.bowtie1                    [DEBUG  ]  Could not find any reports in ('.',)
[2025-04-08 14:12:42,038] multiqc.modules.cutadapt.cutadapt                  [DEBUG  ]  Could not find any reports in ('.',)
[2025-04-08 14:12:42,092] multiqc.modules.trimmomatic.trimmomatic            [DEBUG  ]  Could not find any Trimmomatic data in ('.',)
[2025-04-08 14:12:42,153] multiqc.modules.skewer.skewer                      [DEBUG  ]  Could not find any data in ('.',)
[2025-04-08 14:12:42,163] multiqc.modules.fastq_screen.fastq_screen          [DEBUG  ]  Could not find any reports in ('.',)
[2025-04-08 14:12:42,576] multiqc.modules.fastqc.fastqc                      [INFO   ]  Found 4 reports
[2025-04-08 14:12:42,755] multiqc.modules.clusterflow.clusterflow            [DEBUG  ]  Could not find any reports in ('.',)
[2025-04-08 14:12:42,760] multiqc                                            [INFO   ]  Report      : multiqc_report.html
[2025-04-08 14:12:42,762] multiqc                                            [INFO   ]  Data        : multiqc_data
[2025-04-08 14:12:42,762] multiqc                                            [DEBUG  ]  Moving data file from '/tmp/tmp9AUfbz/multiqc_data/multiqc_fastqc.txt' to '/sc/arion/work/arayan01/project/personalized_epigenome/results/2025-04-07_chipsseqhg38/qc/init_fastqc/multiqc_data'
[2025-04-08 14:12:42,763] multiqc                                            [DEBUG  ]  Moving data file from '/tmp/tmp9AUfbz/multiqc_data/multiqc_general_stats.txt' to '/sc/arion/work/arayan01/project/personalized_epigenome/results/2025-04-07_chipsseqhg38/qc/init_fastqc/multiqc_data'
[2025-04-08 14:12:42,764] multiqc                                            [DEBUG  ]  Moving data file from '/tmp/tmp9AUfbz/multiqc_data/multiqc_sources.txt' to '/sc/arion/work/arayan01/project/personalized_epigenome/results/2025-04-07_chipsseqhg38/qc/init_fastqc/multiqc_data'
[2025-04-08 14:12:43,330] multiqc                                            [INFO   ]  MultiQC complete
